HTTP/1.1 200 OK
Server: Werkzeug/3.1.3 Python/3.11.9
Date: Sat, 18 Oct 2025 07:08:03 GMT
Content-Type: application/json
Content-Length: 187
X-Content-Type-Options: nosniff
Referrer-Policy: strict-origin-when-cross-origin
X-Frame-Options: SAMEORIGIN
Content-Security-Policy: default-src 'self'; base-uri 'self'; frame-ancestors 'self'; img-src 'self' data: blob:; script-src 'self' 'unsafe-inline' 'unsafe-eval' blob:; style-src 'self' 'unsafe-inline'; font-src 'self' data:; connect-src 'self' http://localhost:5173 http://127.0.0.1:5173 http://localhost:3000 http://127.0.0.1:3000;
X-XSS-Protection: 1; mode=block
Strict-Transport-Security: max-age=63072000; includeSubDomains; preload
Cache-Control: no-cache, no-store, max-age=0
Access-Control-Allow-Origin: http://127.0.0.1:3000
Access-Control-Allow-Credentials: true
Vary: Origin
Connection: close

{"environment":"production","message":"Complete Inventory Management System v1.5 is running","status":"healthy","success":true,"timestamp":"2025-10-18T10:08:03.064465","version":"1.5.0"}
---
HTTP/1.1 400 BAD REQUEST
Server: Werkzeug/3.1.3 Python/3.11.9
Date: Sat, 18 Oct 2025 07:08:03 GMT
Content-Type: application/json
Content-Length: 315
X-Content-Type-Options: nosniff
Referrer-Policy: strict-origin-when-cross-origin
X-Frame-Options: SAMEORIGIN
Content-Security-Policy: default-src 'self'; base-uri 'self'; frame-ancestors 'self'; img-src 'self' data: blob:; script-src 'self' 'unsafe-inline' 'unsafe-eval' blob:; style-src 'self' 'unsafe-inline'; font-src 'self' data:; connect-src 'self' http://localhost:5173 http://127.0.0.1:5173 http://localhost:3000 http://127.0.0.1:3000;
X-XSS-Protection: 1; mode=block
Strict-Transport-Security: max-age=63072000; includeSubDomains; preload
Cache-Control: no-cache, no-store, max-age=0
Access-Control-Allow-Origin: http://127.0.0.1:3000
Access-Control-Allow-Credentials: true
Vary: Origin
Connection: close

{"error":"\u0627\u0633\u0645 \u0627\u0644\u0645\u0633\u062a\u062e\u062f\u0645 \u0623\u0648 \u0643\u0644\u0645\u0629 \u0627\u0644\u0645\u0631\u0648\u0631 \u063a\u064a\u0631 \u0635\u062d\u064a\u062d\u0629 \u0623\u0648 \u0623\u0646 \u0627\u0644\u062d\u0642\u0648\u0644 \u0641\u0627\u0631\u063a\u0629","success":false}
---
HTTP/1.1 400 BAD REQUEST
Server: Werkzeug/3.1.3 Python/3.11.9
Date: Sat, 18 Oct 2025 07:08:03 GMT
Content-Type: application/json
Content-Length: 315
X-Content-Type-Options: nosniff
Referrer-Policy: strict-origin-when-cross-origin
X-Frame-Options: SAMEORIGIN
Content-Security-Policy: default-src 'self'; base-uri 'self'; frame-ancestors 'self'; img-src 'self' data: blob:; script-src 'self' 'unsafe-inline' 'unsafe-eval' blob:; style-src 'self' 'unsafe-inline'; font-src 'self' data:; connect-src 'self' http://localhost:5173 http://127.0.0.1:5173 http://localhost:3000 http://127.0.0.1:3000;
X-XSS-Protection: 1; mode=block
Strict-Transport-Security: max-age=63072000; includeSubDomains; preload
Cache-Control: no-cache, no-store, max-age=0
Access-Control-Allow-Origin: http://127.0.0.1:3000
Access-Control-Allow-Credentials: true
Vary: Origin
Connection: close

{"error":"\u0627\u0633\u0645 \u0627\u0644\u0645\u0633\u062a\u062e\u062f\u0645 \u0623\u0648 \u0643\u0644\u0645\u0629 \u0627\u0644\u0645\u0631\u0648\u0631 \u063a\u064a\u0631 \u0635\u062d\u064a\u062d\u0629 \u0623\u0648 \u0623\u0646 \u0627\u0644\u062d\u0642\u0648\u0644 \u0641\u0627\u0631\u063a\u0629","success":false}
